{"total": {"lines":{"total":73,"covered":66,"skipped":0,"pct":90.41},"statements":{"total":84,"covered":77,"skipped":0,"pct":91.66},"functions":{"total":10,"covered":10,"skipped":0,"pct":100},"branches":{"total":50,"covered":45,"skipped":0,"pct":90},"branchesTrue":{"total":0,"covered":0,"skipped":0,"pct":"Unknown"}}
,"/Users/vinna/Bunker/typescript-jest/src/dictionary.ts": {"lines":{"total":1,"covered":1,"skipped":0,"pct":100},"functions":{"total":0,"covered":0,"skipped":0,"pct":100},"statements":{"total":1,"covered":1,"skipped":0,"pct":100},"branches":{"total":0,"covered":0,"skipped":0,"pct":100}}
,"/Users/vinna/Bunker/typescript-jest/src/number-to-ptbr.functional.ts": {"lines":{"total":16,"covered":16,"skipped":0,"pct":100},"functions":{"total":6,"covered":6,"skipped":0,"pct":100},"statements":{"total":24,"covered":24,"skipped":0,"pct":100},"branches":{"total":9,"covered":9,"skipped":0,"pct":100}}
,"/Users/vinna/Bunker/typescript-jest/src/number-to-ptbr.oo-solid.ts": {"lines":{"total":22,"covered":19,"skipped":0,"pct":86.36},"functions":{"total":2,"covered":2,"skipped":0,"pct":100},"statements":{"total":23,"covered":20,"skipped":0,"pct":86.95},"branches":{"total":14,"covered":13,"skipped":0,"pct":92.85}}
,"/Users/vinna/Bunker/typescript-jest/src/number-to-ptbr.regex.ts": {"lines":{"total":15,"covered":14,"skipped":0,"pct":93.33},"functions":{"total":1,"covered":1,"skipped":0,"pct":100},"statements":{"total":17,"covered":16,"skipped":0,"pct":94.11},"branches":{"total":13,"covered":10,"skipped":0,"pct":76.92}}
,"/Users/vinna/Bunker/typescript-jest/src/number-to-ptbr.ts": {"lines":{"total":19,"covered":16,"skipped":0,"pct":84.21},"functions":{"total":1,"covered":1,"skipped":0,"pct":100},"statements":{"total":19,"covered":16,"skipped":0,"pct":84.21},"branches":{"total":14,"covered":13,"skipped":0,"pct":92.85}}
}
