TN:
SF:src/dictionary.ts
FNF:0
FNH:0
DA:3,1
LF:1
LH:1
BRF:0
BRH:0
end_of_record
TN:
SF:src/number-to-ptbr.functional.ts
FN:10,(anonymous_0)
FN:10,(anonymous_1)
FN:18,(anonymous_2)
FN:33,(anonymous_3)
FN:44,(anonymous_4)
FN:63,(anonymous_5)
FNF:6
FNH:6
FNDA:12,(anonymous_0)
FNDA:11,(anonymous_1)
FNDA:2,(anonymous_2)
FNDA:4,(anonymous_3)
FNDA:2,(anonymous_4)
FNDA:6,(anonymous_5)
DA:1,1
DA:10,12
DA:18,2
DA:25,1
DA:33,1
DA:34,4
DA:44,1
DA:45,2
DA:46,2
DA:48,2
DA:49,1
DA:52,1
DA:63,1
DA:64,6
DA:66,5
DA:68,2
LF:16
LH:16
BRDA:10,0,0,11
BRDA:10,0,1,11
BRDA:34,1,0,3
BRDA:34,1,1,1
BRDA:34,2,0,4
BRDA:34,2,1,2
BRDA:48,3,0,1
BRDA:64,4,0,1
BRDA:66,5,0,3
BRF:9
BRH:9
end_of_record
TN:
SF:src/number-to-ptbr.oo-solid.ts
FN:3,(anonymous_0)
FN:6,(anonymous_2)
FNF:2
FNH:2
FNDA:2,(anonymous_0)
FNDA:6,(anonymous_2)
DA:1,1
DA:3,1
DA:4,1
DA:6,1
DA:7,6
DA:8,1
DA:11,5
DA:12,2
DA:15,3
DA:16,1
DA:17,1
DA:19,1
DA:22,2
DA:23,1
DA:26,1
DA:27,1
DA:29,1
DA:30,1
DA:32,0
DA:33,0
DA:35,0
DA:38,1
LF:22
LH:19
BRDA:7,0,0,1
BRDA:7,1,0,6
BRDA:7,1,1,6
BRDA:11,2,0,2
BRDA:11,3,0,5
BRDA:11,3,1,3
BRDA:11,3,2,1
BRDA:15,4,0,1
BRDA:22,5,0,1
BRDA:29,6,0,1
BRDA:29,6,1,0
BRDA:29,7,0,1
BRDA:29,7,1,1
BRDA:29,7,2,1
BRF:14
BRH:13
end_of_record
TN:
SF:src/number-to-ptbr.regex.ts
FN:12,(anonymous_0)
FNF:1
FNH:1
FNDA:6,(anonymous_0)
DA:12,1
DA:13,6
DA:14,1
DA:17,5
DA:19,3
DA:21,3
DA:22,3
DA:23,3
DA:25,3
DA:26,3
DA:27,3
DA:30,3
DA:31,0
DA:34,3
DA:36,3
LF:15
LH:14
BRDA:13,0,0,1
BRDA:13,1,0,6
BRDA:13,1,1,6
BRDA:17,2,0,2
BRDA:25,3,0,2
BRDA:25,3,1,1
BRDA:26,4,0,2
BRDA:26,4,1,1
BRDA:27,5,0,1
BRDA:27,5,1,2
BRDA:30,6,0,0
BRDA:31,7,0,0
BRDA:31,7,1,0
BRF:13
BRH:10
end_of_record
TN:
SF:src/number-to-ptbr.ts
FN:56,myCoolFunction
FNF:1
FNH:1
FNDA:6,myCoolFunction
DA:16,1
DA:56,1
DA:57,6
DA:58,1
DA:61,5
DA:62,2
DA:65,3
DA:66,1
DA:67,1
DA:69,1
DA:72,2
DA:73,1
DA:76,1
DA:77,1
DA:79,1
DA:80,1
DA:85,0
DA:86,0
DA:88,0
LF:19
LH:16
BRDA:57,0,0,1
BRDA:57,1,0,6
BRDA:57,1,1,5
BRDA:61,2,0,2
BRDA:61,3,0,5
BRDA:61,3,1,3
BRDA:61,3,2,1
BRDA:65,4,0,1
BRDA:72,5,0,1
BRDA:79,6,0,1
BRDA:79,6,1,0
BRDA:79,7,0,1
BRDA:79,7,1,1
BRDA:79,7,2,1
BRF:14
BRH:13
end_of_record
